<?xml version="1.0" encoding="UTF-8"?>
<!-- Generated by org.testng.reporters.JUnitReportReporter -->
<testsuite hostname="Dell-PC" failures="0" tests="5" name="tests.validate" time="0.013" errors="0" timestamp="2022-07-12T10:55:48 IST" skipped="1">
  <testcase classname="tests.validate" name="test1" time="0.000">
    <skipped/>
  </testcase> <!-- test1 -->
  <system-out/>
  <testcase classname="tests.validate" name="test1" time="0.003"/>
  <system-out/>
  <testcase classname="tests.validate" name="test1" time="0.001"/>
  <system-out/>
  <testcase classname="tests.validate" name="test1" time="0.008"/>
  <system-out/>
  <testcase classname="tests.validate" name="test1" time="0.001"/>
  <system-out/>
</testsuite> <!-- tests.validate -->
