<?xml version="1.0" encoding="UTF-8"?>
<!-- Generated by org.testng.reporters.JUnitReportReporter -->
<testsuite hostname="Dell-PC" failures="0" tests="1" name="tests.VerifyLoginPageOfApplication" time="6.719" errors="0" timestamp="2022-07-08T19:41:00 IST" skipped="0">
  <testcase classname="tests.VerifyLoginPageOfApplication" name="verifyLoginToApplication" time="6.719"/>
  <system-out/>
</testsuite> <!-- tests.VerifyLoginPageOfApplication -->
