<?xml version="1.0" encoding="UTF-8"?>
<!-- Generated by org.testng.reporters.JUnitReportReporter -->
<testsuite hostname="Dell-PC" failures="0" tests="5" name="tests.VerifyHeadersOfApplication" time="14.532" errors="0" timestamp="2022-07-07T20:55:30 IST" skipped="0">
  <testcase classname="tests.VerifyHeadersOfApplication" name="toVerifyTimeTrackTab" time="2.626"/>
  <system-out/>
  <testcase classname="tests.VerifyHeadersOfApplication" name="toVerifyTaskTab" time="2.426"/>
  <system-out/>
  <testcase classname="tests.VerifyHeadersOfApplication" name="toVerifyReportsTab" time="1.179"/>
  <system-out/>
  <testcase classname="tests.VerifyHeadersOfApplication" name="toVerifyUsersTab" time="7.376"/>
  <system-out/>
  <testcase classname="tests.VerifyHeadersOfApplication" name="toVerifyWorkSchedule" time="0.925"/>
  <system-out/>
</testsuite> <!-- tests.VerifyHeadersOfApplication -->
