<?xml version="1.0" encoding="UTF-8"?>
<!-- Generated by org.testng.reporters.JUnitReportReporter -->
<testsuite hostname="Dell-PC" failures="0" tests="1" name="tests.validate" time="0.009" errors="0" timestamp="2022-07-07T09:58:21 IST" skipped="0">
  <testcase classname="tests.validate" name="test1" time="0.009"/>
  <system-out/>
</testsuite> <!-- tests.validate -->
